TN:
SF:02-ratelimitter.js
FN:20,rateLimitter
FNF:1
FNH:1
FNDA:13,rateLimitter
DA:1,1
DA:2,1
DA:3,1
DA:4,1
DA:5,1
DA:6,1
DA:7,1
DA:8,1
DA:9,1
DA:10,1
DA:11,1
DA:12,1
DA:13,1
DA:14,1
DA:15,1
DA:16,1
DA:17,2
DA:18,1
DA:19,1
DA:20,1
DA:21,13
DA:22,13
DA:23,13
DA:24,13
DA:25,13
DA:26,13
DA:27,13
DA:28,8
DA:29,8
DA:30,8
DA:31,5
DA:32,5
DA:33,1
DA:34,1
DA:35,1
DA:36,1
DA:37,5
DA:38,1
DA:39,1
DA:40,1
DA:41,0
DA:42,1
DA:43,1
DA:44,1
LF:44
LH:43
BRDA:16,0,0,2
BRDA:20,1,0,13
BRDA:23,2,0,2
BRDA:27,3,0,8
BRDA:30,4,0,5
BRDA:36,5,0,5
BRF:6
BRH:6
end_of_record
